g008:
    ----------
    days:
        59
    seconds:
        5107941
    since_iso:
        2023-01-10T17:11:52.782343
    since_t:
        1673370712
    time:
        2:52
    users:
        1
h002:
    ----------
    days:
        79
    seconds:
        6841367
    since_iso:
        2022-12-21T15:41:26.788755
    since_t:
        1671637286
    time:
        4:22
    users:
        1
g005:
    ----------
    days:
        108
    seconds:
        9334000
    since_iso:
        2022-11-22T19:17:33.787312
    since_t:
        1669144653
    time:
        0:46
    users:
        1
g003:
    ----------
    days:
        59
    seconds:
        5107890
    since_iso:
        2023-01-10T17:12:43.787734
    since_t:
        1673370763
    time:
        2:51
    users:
        1
g004:
    ----------
    days:
        59
    seconds:
        5107809
    since_iso:
        2023-01-10T17:14:04.796361
    since_t:
        1673370844
    time:
        2:50
    users:
        1
g010:
    ----------
    days:
        66
    seconds:
        5715167
    since_iso:
        2023-01-03T16:31:26.778532
    since_t:
        1672763486
    time:
        3:32
    users:
        1
g006:
    ----------
    days:
        59
    seconds:
        5107913
    since_iso:
        2023-01-10T17:12:20.806125
    since_t:
        1673370740
    time:
        2:51
    users:
        1
g002:
    ----------
    days:
        50
    seconds:
        4396252
    since_iso:
        2023-01-18T22:53:21.805635
    since_t:
        1674082401
    time:
        21:10
    users:
        1
g007:
    ----------
    days:
        65
    seconds:
        5624084
    since_iso:
        2023-01-04T17:49:29.809283
    since_t:
        1672854569
    time:
        2:14
    users:
        1
g009:
    ----------
    days:
        59
    seconds:
        5107658
    since_iso:
        2023-01-10T17:16:35.813213
    since_t:
        1673370995
    time:
        2:47
    users:
        1
ctl2:
    ----------
    days:
        108
    seconds:
        9331963
    since_iso:
        2022-11-22T19:51:30.848022
    since_t:
        1669146690
    time:
        0:12
    users:
        1
dsi-cluster-mgmt.cs.uchicago.edu:
    ----------
    days:
        116
    seconds:
        10034513
    since_iso:
        2022-11-14T16:42:20.856313
    since_t:
        1668444140
    time:
        3:21
    users:
        1
ctl1:
    ----------
    days:
        107
    seconds:
        9331084
    since_iso:
        2022-11-22T20:06:09.860004
    since_t:
        1669147569
    time:
        23:58
    users:
        1
cluster-storage2:
    ----------
    days:
        107
    seconds:
        9260979
    since_iso:
        2022-11-23T15:34:34.863821
    since_t:
        1669217674
    time:
        4:29
    users:
        1
dsi-db:
    ----------
    days:
        108
    seconds:
        9335042
    since_iso:
        2022-11-22T19:00:11.864479
    since_t:
        1669143611
    time:
        1:4
    users:
        1
cluster-storage1:
    ----------
    days:
        107
    seconds:
        9254201
    since_iso:
        2022-11-23T17:27:32.882878
    since_t:
        1669224452
    time:
        2:36
    users:
        1
dhcp-10-143-4-33.a.cs.uchicago.edu:
    ----------
    days:
        97
    seconds:
        8455361
    since_iso:
        2022-12-02T23:21:32.932976
    since_t:
        1670023292
    time:
        20:42
    users:
        22
cluster-storage3:
    Minion did not return. [No response]
    The minions may not have all finished running and any remaining minions will return upon completion. To look up the return data for this job later, run the following command:
    
    salt-run jobs.lookup_jid 20230310200413677449
