g010:
    ----------
    days:
        65
    seconds:
        5635475
    since_iso:
        2023-01-03T16:31:26.507220
    since_t:
        1672763486
    time:
        5:24
    users:
        1
g007:
    ----------
    days:
        64
    seconds:
        5544392
    since_iso:
        2023-01-04T17:49:29.514373
    since_t:
        1672854569
    time:
        4:6
    users:
        1
h002:
    ----------
    days:
        78
    seconds:
        6761674
    since_iso:
        2022-12-21T15:41:27.512348
    since_t:
        1671637287
    time:
        6:14
    users:
        1
g005:
    ----------
    days:
        107
    seconds:
        9254308
    since_iso:
        2022-11-22T19:17:33.515597
    since_t:
        1669144653
    time:
        2:38
    users:
        1
g003:
    ----------
    days:
        58
    seconds:
        5028198
    since_iso:
        2023-01-10T17:12:43.515368
    since_t:
        1673370763
    time:
        4:43
    users:
        1
g008:
    ----------
    days:
        58
    seconds:
        5028249
    since_iso:
        2023-01-10T17:11:52.515924
    since_t:
        1673370712
    time:
        4:44
    users:
        1
g006:
    ----------
    days:
        58
    seconds:
        5028221
    since_iso:
        2023-01-10T17:12:20.516397
    since_t:
        1673370740
    time:
        4:43
    users:
        1
g004:
    ----------
    days:
        58
    seconds:
        5028117
    since_iso:
        2023-01-10T17:14:04.516721
    since_t:
        1673370844
    time:
        4:41
    users:
        1
g002:
    ----------
    days:
        49
    seconds:
        4316560
    since_iso:
        2023-01-18T22:53:21.516967
    since_t:
        1674082401
    time:
        23:2
    users:
        1
g009:
    ----------
    days:
        58
    seconds:
        5027965
    since_iso:
        2023-01-10T17:16:36.519876
    since_t:
        1673370996
    time:
        4:39
    users:
        1
cluster-storage3:
    ----------
    days:
        106
    seconds:
        9181249
    since_iso:
        2022-11-23T15:35:12.547214
    since_t:
        1669217712
    time:
        6:20
    users:
        1
dsi-cluster-mgmt.cs.uchicago.edu:
    ----------
    days:
        115
    seconds:
        9954821
    since_iso:
        2022-11-14T16:42:20.547220
    since_t:
        1668444140
    time:
        5:13
    users:
        2
ctl2:
    ----------
    days:
        107
    seconds:
        9252271
    since_iso:
        2022-11-22T19:51:30.548723
    since_t:
        1669146690
    time:
        2:4
    users:
        1
dsi-db:
    ----------
    days:
        107
    seconds:
        9255350
    since_iso:
        2022-11-22T19:00:11.548751
    since_t:
        1669143611
    time:
        2:55
    users:
        1
cluster-storage2:
    ----------
    days:
        106
    seconds:
        9181287
    since_iso:
        2022-11-23T15:34:34.550432
    since_t:
        1669217674
    time:
        6:21
    users:
        1
cluster-storage1:
    ----------
    days:
        106
    seconds:
        9174509
    since_iso:
        2022-11-23T17:27:32.549996
    since_t:
        1669224452
    time:
        4:28
    users:
        1
ctl1:
    ----------
    days:
        107
    seconds:
        9251392
    since_iso:
        2022-11-22T20:06:09.550251
    since_t:
        1669147569
    time:
        1:49
    users:
        1
dhcp-10-143-4-33.a.cs.uchicago.edu:
    ----------
    days:
        96
    seconds:
        8375669
    since_iso:
        2022-12-02T23:21:32.602668
    since_t:
        1670023292
    time:
        22:34
    users:
        24